<?xml version="1.0" encoding="UTF-8"?>
<testng-results ignored="0" total="13" passed="11" failed="2" skipped="0">
  <reporter-output>
  </reporter-output>
  <suite started-at="2023-04-24T02:07:11 EDT" name="Suite" finished-at="2023-04-24T02:09:56 EDT" duration-ms="165128">
    <groups>
    </groups>
    <test started-at="2023-04-24T02:07:11 EDT" name="Test" finished-at="2023-04-24T02:09:56 EDT" duration-ms="165128">
      <class name="tests.AddressTesting">
        <test-method is-config="true" signature="setUp()[pri:0, instance:tests.AddressTesting@112f364d]" started-at="2023-04-24T02:08:25 EDT" name="setUp" finished-at="2023-04-24T02:08:37 EDT" duration-ms="11873" status="PASS">
          <reporter-output>
          </reporter-output>
        </test-method> <!-- setUp -->
        <test-method signature="addressBookPageTitleTest()[pri:1, instance:tests.AddressTesting@112f364d]" started-at="2023-04-24T02:08:37 EDT" name="addressBookPageTitleTest" finished-at="2023-04-24T02:08:37 EDT" duration-ms="13" status="PASS">
          <reporter-output>
          </reporter-output>
        </test-method> <!-- addressBookPageTitleTest -->
        <test-method is-config="true" signature="tearDown()[pri:0, instance:tests.AddressTesting@112f364d]" started-at="2023-04-24T02:08:37 EDT" name="tearDown" finished-at="2023-04-24T02:08:37 EDT" duration-ms="256" status="PASS">
          <reporter-output>
          </reporter-output>
        </test-method> <!-- tearDown -->
        <test-method is-config="true" signature="setUp()[pri:0, instance:tests.AddressTesting@112f364d]" started-at="2023-04-24T02:08:37 EDT" name="setUp" finished-at="2023-04-24T02:08:50 EDT" duration-ms="12620" status="PASS">
          <reporter-output>
          </reporter-output>
        </test-method> <!-- setUp -->
        <test-method signature="addNewAddressPageTest()[pri:2, instance:tests.AddressTesting@112f364d]" started-at="2023-04-24T02:08:50 EDT" name="addNewAddressPageTest" finished-at="2023-04-24T02:08:51 EDT" duration-ms="608" status="PASS">
          <reporter-output>
          </reporter-output>
        </test-method> <!-- addNewAddressPageTest -->
        <test-method is-config="true" signature="tearDown()[pri:0, instance:tests.AddressTesting@112f364d]" started-at="2023-04-24T02:08:51 EDT" name="tearDown" finished-at="2023-04-24T02:08:51 EDT" duration-ms="213" status="PASS">
          <reporter-output>
          </reporter-output>
        </test-method> <!-- tearDown -->
        <test-method is-config="true" signature="setUp()[pri:0, instance:tests.AddressTesting@112f364d]" started-at="2023-04-24T02:08:51 EDT" name="setUp" finished-at="2023-04-24T02:09:05 EDT" duration-ms="14036" status="PASS">
          <reporter-output>
          </reporter-output>
        </test-method> <!-- setUp -->
        <test-method signature="addNewAddressTest()[pri:3, instance:tests.AddressTesting@112f364d]" started-at="2023-04-24T02:09:05 EDT" name="addNewAddressTest" finished-at="2023-04-24T02:09:08 EDT" duration-ms="3467" status="FAIL">
          <exception class="java.lang.AssertionError">
            <message>
              <![CDATA[expected [Address saved] but found [You've submitted an address that is already in your address book]]]>
            </message>
            <full-stacktrace>
              <![CDATA[java.lang.AssertionError: expected [Address saved] but found [You've submitted an address that is already in your address book]
at org.testng.Assert.fail(Assert.java:110)
at org.testng.Assert.failNotEquals(Assert.java:1577)
at org.testng.Assert.assertEqualsImpl(Assert.java:149)
at org.testng.Assert.assertEquals(Assert.java:131)
at org.testng.Assert.assertEquals(Assert.java:655)
at org.testng.Assert.assertEquals(Assert.java:665)
at tests.AddressTesting.addNewAddressTest(AddressTesting.java:60)
at java.base/jdk.internal.reflect.NativeMethodAccessorImpl.invoke0(Native Method)
at java.base/jdk.internal.reflect.NativeMethodAccessorImpl.invoke(NativeMethodAccessorImpl.java:77)
at java.base/jdk.internal.reflect.DelegatingMethodAccessorImpl.invoke(DelegatingMethodAccessorImpl.java:43)
at java.base/java.lang.reflect.Method.invoke(Method.java:568)
at org.testng.internal.invokers.MethodInvocationHelper.invokeMethod(MethodInvocationHelper.java:139)
at org.testng.internal.invokers.TestInvoker.invokeMethod(TestInvoker.java:677)
at org.testng.internal.invokers.TestInvoker.invokeTestMethod(TestInvoker.java:221)
at org.testng.internal.invokers.MethodRunner.runInSequence(MethodRunner.java:50)
at org.testng.internal.invokers.TestInvoker$MethodInvocationAgent.invoke(TestInvoker.java:969)
at org.testng.internal.invokers.TestInvoker.invokeTestMethods(TestInvoker.java:194)
at org.testng.internal.invokers.TestMethodWorker.invokeTestMethods(TestMethodWorker.java:148)
at org.testng.internal.invokers.TestMethodWorker.run(TestMethodWorker.java:128)
at java.base/java.util.ArrayList.forEach(ArrayList.java:1511)
at org.testng.TestRunner.privateRun(TestRunner.java:829)
at org.testng.TestRunner.run(TestRunner.java:602)
at org.testng.SuiteRunner.runTest(SuiteRunner.java:437)
at org.testng.SuiteRunner.runSequentially(SuiteRunner.java:431)
at org.testng.SuiteRunner.privateRun(SuiteRunner.java:391)
at org.testng.SuiteRunner.run(SuiteRunner.java:330)
at org.testng.SuiteRunnerWorker.runSuite(SuiteRunnerWorker.java:52)
at org.testng.SuiteRunnerWorker.run(SuiteRunnerWorker.java:95)
at org.testng.TestNG.runSuitesSequentially(TestNG.java:1256)
at org.testng.TestNG.runSuitesLocally(TestNG.java:1176)
at org.testng.TestNG.runSuites(TestNG.java:1099)
at org.testng.TestNG.run(TestNG.java:1067)
at org.testng.remote.AbstractRemoteTestNG.run(AbstractRemoteTestNG.java:115)
at org.testng.remote.RemoteTestNG.initAndRun(RemoteTestNG.java:251)
at org.testng.remote.RemoteTestNG.main(RemoteTestNG.java:77)
]]>
            </full-stacktrace>
          </exception> <!-- java.lang.AssertionError -->
          <reporter-output>
          </reporter-output>
        </test-method> <!-- addNewAddressTest -->
        <test-method is-config="true" signature="tearDown()[pri:0, instance:tests.AddressTesting@112f364d]" started-at="2023-04-24T02:09:09 EDT" name="tearDown" finished-at="2023-04-24T02:09:09 EDT" duration-ms="267" status="PASS">
          <reporter-output>
          </reporter-output>
        </test-method> <!-- tearDown -->
        <test-method is-config="true" signature="setUp()[pri:0, instance:tests.AddressTesting@112f364d]" started-at="2023-04-24T02:09:09 EDT" name="setUp" finished-at="2023-04-24T02:09:23 EDT" duration-ms="14079" status="PASS">
          <reporter-output>
          </reporter-output>
        </test-method> <!-- setUp -->
        <test-method signature="addSameAddressTest()[pri:4, instance:tests.AddressTesting@112f364d]" started-at="2023-04-24T02:09:23 EDT" name="addSameAddressTest" finished-at="2023-04-24T02:09:27 EDT" duration-ms="3834" status="PASS">
          <reporter-output>
          </reporter-output>
        </test-method> <!-- addSameAddressTest -->
        <test-method is-config="true" signature="tearDown()[pri:0, instance:tests.AddressTesting@112f364d]" started-at="2023-04-24T02:09:27 EDT" name="tearDown" finished-at="2023-04-24T02:09:27 EDT" duration-ms="210" status="PASS">
          <reporter-output>
          </reporter-output>
        </test-method> <!-- tearDown -->
        <test-method is-config="true" signature="setUp()[pri:0, instance:tests.AddressTesting@112f364d]" started-at="2023-04-24T02:09:27 EDT" name="setUp" finished-at="2023-04-24T02:09:40 EDT" duration-ms="12840" status="PASS">
          <reporter-output>
          </reporter-output>
        </test-method> <!-- setUp -->
        <test-method signature="deleteAddressTest()[pri:5, instance:tests.AddressTesting@112f364d]" started-at="2023-04-24T02:09:40 EDT" name="deleteAddressTest" finished-at="2023-04-24T02:09:55 EDT" duration-ms="15304" status="FAIL">
          <exception class="org.openqa.selenium.NoSuchElementException">
            <message>
              <![CDATA[no such element: Unable to locate element: {"method":"xpath","selector":"//h4[@class='a-alert-heading']"}
  (Session info: chrome=112.0.5615.137)
For documentation on this error, please visit: https://selenium.dev/exceptions/#no_such_element
Build info: version: '4.8.3', revision: 'e5e76298c3'
System info: os.name: 'Mac OS X', os.arch: 'x86_64', os.version: '10.15.7', java.version: '17.0.6'
Driver info: org.openqa.selenium.chrome.ChromeDriver
Command: [55d1f63e4235307b9492fc9dcbdc98ff, findElement {using=xpath, value=//h4[@class='a-alert-heading']}]
Capabilities {acceptInsecureCerts: false, browserName: chrome, browserVersion: 112.0.5615.137, chrome: {chromedriverVersion: 112.0.5615.49 (bd2a7bcb881c..., userDataDir: /var/folders/t5/9c7h4wz1157...}, goog:chromeOptions: {debuggerAddress: localhost:55518}, networkConnectionEnabled: false, pageLoadStrategy: normal, platformName: MAC, proxy: Proxy(), se:cdp: ws://localhost:55518/devtoo..., se:cdpVersion: 112.0.5615.137, setWindowRect: true, strictFileInteractability: false, timeouts: {implicit: 0, pageLoad: 300000, script: 30000}, unhandledPromptBehavior: dismiss and notify, webauthn:extension:credBlob: true, webauthn:extension:largeBlob: true, webauthn:extension:minPinLength: true, webauthn:extension:prf: true, webauthn:virtualAuthenticators: true}
Session ID: 55d1f63e4235307b9492fc9dcbdc98ff]]>
            </message>
            <full-stacktrace>
              <![CDATA[org.openqa.selenium.NoSuchElementException: no such element: Unable to locate element: {"method":"xpath","selector":"//h4[@class='a-alert-heading']"}
  (Session info: chrome=112.0.5615.137)
For documentation on this error, please visit: https://selenium.dev/exceptions/#no_such_element
Build info: version: '4.8.3', revision: 'e5e76298c3'
System info: os.name: 'Mac OS X', os.arch: 'x86_64', os.version: '10.15.7', java.version: '17.0.6'
Driver info: org.openqa.selenium.chrome.ChromeDriver
Command: [55d1f63e4235307b9492fc9dcbdc98ff, findElement {using=xpath, value=//h4[@class='a-alert-heading']}]
Capabilities {acceptInsecureCerts: false, browserName: chrome, browserVersion: 112.0.5615.137, chrome: {chromedriverVersion: 112.0.5615.49 (bd2a7bcb881c..., userDataDir: /var/folders/t5/9c7h4wz1157...}, goog:chromeOptions: {debuggerAddress: localhost:55518}, networkConnectionEnabled: false, pageLoadStrategy: normal, platformName: MAC, proxy: Proxy(), se:cdp: ws://localhost:55518/devtoo..., se:cdpVersion: 112.0.5615.137, setWindowRect: true, strictFileInteractability: false, timeouts: {implicit: 0, pageLoad: 300000, script: 30000}, unhandledPromptBehavior: dismiss and notify, webauthn:extension:credBlob: true, webauthn:extension:largeBlob: true, webauthn:extension:minPinLength: true, webauthn:extension:prf: true, webauthn:virtualAuthenticators: true}
Session ID: 55d1f63e4235307b9492fc9dcbdc98ff
at java.base/jdk.internal.reflect.NativeConstructorAccessorImpl.newInstance0(Native Method)
at java.base/jdk.internal.reflect.NativeConstructorAccessorImpl.newInstance(NativeConstructorAccessorImpl.java:77)
at java.base/jdk.internal.reflect.DelegatingConstructorAccessorImpl.newInstance(DelegatingConstructorAccessorImpl.java:45)
at java.base/java.lang.reflect.Constructor.newInstanceWithCaller(Constructor.java:499)
at java.base/java.lang.reflect.Constructor.newInstance(Constructor.java:480)
at org.openqa.selenium.remote.codec.w3c.W3CHttpResponseCodec.createException(W3CHttpResponseCodec.java:200)
at org.openqa.selenium.remote.codec.w3c.W3CHttpResponseCodec.decode(W3CHttpResponseCodec.java:133)
at org.openqa.selenium.remote.codec.w3c.W3CHttpResponseCodec.decode(W3CHttpResponseCodec.java:53)
at org.openqa.selenium.remote.HttpCommandExecutor.execute(HttpCommandExecutor.java:193)
at org.openqa.selenium.remote.service.DriverCommandExecutor.invokeExecute(DriverCommandExecutor.java:183)
at org.openqa.selenium.remote.service.DriverCommandExecutor.execute(DriverCommandExecutor.java:158)
at org.openqa.selenium.remote.RemoteWebDriver.execute(RemoteWebDriver.java:543)
at org.openqa.selenium.remote.ElementLocation$ElementFinder$2.findElement(ElementLocation.java:162)
at org.openqa.selenium.remote.ElementLocation.findElement(ElementLocation.java:60)
at org.openqa.selenium.remote.RemoteWebDriver.findElement(RemoteWebDriver.java:352)
at org.openqa.selenium.remote.RemoteWebDriver.findElement(RemoteWebDriver.java:344)
at jdk.internal.reflect.GeneratedMethodAccessor15.invoke(Unknown Source)
at java.base/jdk.internal.reflect.DelegatingMethodAccessorImpl.invoke(DelegatingMethodAccessorImpl.java:43)
at java.base/java.lang.reflect.Method.invoke(Method.java:568)
at org.openqa.selenium.support.decorators.WebDriverDecorator.call(WebDriverDecorator.java:247)
at org.openqa.selenium.support.decorators.DefaultDecorated.call(DefaultDecorated.java:48)
at org.openqa.selenium.support.decorators.WebDriverDecorator.lambda$createProxy$2(WebDriverDecorator.java:314)
at net.bytebuddy.renamed.java.lang.Object$ByteBuddy$fOZH1YNr.findElement(Unknown Source)
at org.openqa.selenium.support.pagefactory.DefaultElementLocator.findElement(DefaultElementLocator.java:70)
at org.openqa.selenium.support.pagefactory.internal.LocatingElementHandler.invoke(LocatingElementHandler.java:39)
at jdk.proxy2/jdk.proxy2.$Proxy39.getText(Unknown Source)
at pages.AddressPage.deleteAddress(AddressPage.java:94)
at tests.AddressTesting.deleteAddressTest(AddressTesting.java:81)
at java.base/jdk.internal.reflect.NativeMethodAccessorImpl.invoke0(Native Method)
at java.base/jdk.internal.reflect.NativeMethodAccessorImpl.invoke(NativeMethodAccessorImpl.java:77)
at java.base/jdk.internal.reflect.DelegatingMethodAccessorImpl.invoke(DelegatingMethodAccessorImpl.java:43)
at java.base/java.lang.reflect.Method.invoke(Method.java:568)
at org.testng.internal.invokers.MethodInvocationHelper.invokeMethod(MethodInvocationHelper.java:139)
at org.testng.internal.invokers.TestInvoker.invokeMethod(TestInvoker.java:677)
at org.testng.internal.invokers.TestInvoker.invokeTestMethod(TestInvoker.java:221)
at org.testng.internal.invokers.MethodRunner.runInSequence(MethodRunner.java:50)
at org.testng.internal.invokers.TestInvoker$MethodInvocationAgent.invoke(TestInvoker.java:969)
at org.testng.internal.invokers.TestInvoker.invokeTestMethods(TestInvoker.java:194)
at org.testng.internal.invokers.TestMethodWorker.invokeTestMethods(TestMethodWorker.java:148)
at org.testng.internal.invokers.TestMethodWorker.run(TestMethodWorker.java:128)
at java.base/java.util.ArrayList.forEach(ArrayList.java:1511)
at org.testng.TestRunner.privateRun(TestRunner.java:829)
at org.testng.TestRunner.run(TestRunner.java:602)
at org.testng.SuiteRunner.runTest(SuiteRunner.java:437)
at org.testng.SuiteRunner.runSequentially(SuiteRunner.java:431)
at org.testng.SuiteRunner.privateRun(SuiteRunner.java:391)
at org.testng.SuiteRunner.run(SuiteRunner.java:330)
at org.testng.SuiteRunnerWorker.runSuite(SuiteRunnerWorker.java:52)
at org.testng.SuiteRunnerWorker.run(SuiteRunnerWorker.java:95)
at org.testng.TestNG.runSuitesSequentially(TestNG.java:1256)
at org.testng.TestNG.runSuitesLocally(TestNG.java:1176)
at org.testng.TestNG.runSuites(TestNG.java:1099)
at org.testng.TestNG.run(TestNG.java:1067)
at org.testng.remote.AbstractRemoteTestNG.run(AbstractRemoteTestNG.java:115)
at org.testng.remote.RemoteTestNG.initAndRun(RemoteTestNG.java:251)
at org.testng.remote.RemoteTestNG.main(RemoteTestNG.java:77)
]]>
            </full-stacktrace>
          </exception> <!-- org.openqa.selenium.NoSuchElementException -->
          <reporter-output>
          </reporter-output>
        </test-method> <!-- deleteAddressTest -->
        <test-method is-config="true" signature="tearDown()[pri:0, instance:tests.AddressTesting@112f364d]" started-at="2023-04-24T02:09:56 EDT" name="tearDown" finished-at="2023-04-24T02:09:56 EDT" duration-ms="213" status="PASS">
          <reporter-output>
          </reporter-output>
        </test-method> <!-- tearDown -->
      </class> <!-- tests.AddressTesting -->
      <class name="tests.HomePageTesting">
        <test-method is-config="true" signature="setUp()[pri:0, instance:tests.HomePageTesting@362045c0]" started-at="2023-04-24T02:07:43 EDT" name="setUp" finished-at="2023-04-24T02:07:52 EDT" duration-ms="9144" status="PASS">
          <reporter-output>
          </reporter-output>
        </test-method> <!-- setUp -->
        <test-method signature="addressBoxTest()[pri:0, instance:tests.HomePageTesting@362045c0]" started-at="2023-04-24T02:07:52 EDT" name="addressBoxTest" finished-at="2023-04-24T02:07:53 EDT" duration-ms="201" status="PASS">
          <reporter-output>
          </reporter-output>
        </test-method> <!-- addressBoxTest -->
        <test-method is-config="true" signature="tearDown()[pri:0, instance:tests.HomePageTesting@362045c0]" started-at="2023-04-24T02:07:53 EDT" name="tearDown" finished-at="2023-04-24T02:07:53 EDT" duration-ms="216" status="PASS">
          <reporter-output>
          </reporter-output>
        </test-method> <!-- tearDown -->
        <test-method is-config="true" signature="setUp()[pri:0, instance:tests.HomePageTesting@362045c0]" started-at="2023-04-24T02:07:53 EDT" name="setUp" finished-at="2023-04-24T02:08:02 EDT" duration-ms="9246" status="PASS">
          <reporter-output>
          </reporter-output>
        </test-method> <!-- setUp -->
        <test-method signature="verifyHomePageTitleTest()[pri:0, instance:tests.HomePageTesting@362045c0]" started-at="2023-04-24T02:08:02 EDT" name="verifyHomePageTitleTest" finished-at="2023-04-24T02:08:02 EDT" duration-ms="116" status="PASS">
          <reporter-output>
          </reporter-output>
        </test-method> <!-- verifyHomePageTitleTest -->
        <test-method is-config="true" signature="tearDown()[pri:0, instance:tests.HomePageTesting@362045c0]" started-at="2023-04-24T02:08:02 EDT" name="tearDown" finished-at="2023-04-24T02:08:02 EDT" duration-ms="262" status="PASS">
          <reporter-output>
          </reporter-output>
        </test-method> <!-- tearDown -->
        <test-method is-config="true" signature="setUp()[pri:0, instance:tests.HomePageTesting@362045c0]" started-at="2023-04-24T02:08:02 EDT" name="setUp" finished-at="2023-04-24T02:08:11 EDT" duration-ms="8973" status="PASS">
          <reporter-output>
          </reporter-output>
        </test-method> <!-- setUp -->
        <test-method signature="verifyUserNameTest()[pri:0, instance:tests.HomePageTesting@362045c0]" started-at="2023-04-24T02:08:11 EDT" name="verifyUserNameTest" finished-at="2023-04-24T02:08:12 EDT" duration-ms="217" status="PASS">
          <reporter-output>
          </reporter-output>
        </test-method> <!-- verifyUserNameTest -->
        <test-method is-config="true" signature="tearDown()[pri:0, instance:tests.HomePageTesting@362045c0]" started-at="2023-04-24T02:08:12 EDT" name="tearDown" finished-at="2023-04-24T02:08:12 EDT" duration-ms="267" status="PASS">
          <reporter-output>
          </reporter-output>
        </test-method> <!-- tearDown -->
        <test-method is-config="true" signature="setUp()[pri:0, instance:tests.HomePageTesting@362045c0]" started-at="2023-04-24T02:08:12 EDT" name="setUp" finished-at="2023-04-24T02:08:20 EDT" duration-ms="8383" status="PASS">
          <reporter-output>
          </reporter-output>
        </test-method> <!-- setUp -->
        <test-method signature="selectAddressHomePageTest()[pri:5, instance:tests.HomePageTesting@362045c0]" started-at="2023-04-24T02:08:20 EDT" name="selectAddressHomePageTest" finished-at="2023-04-24T02:08:25 EDT" duration-ms="4720" status="PASS">
          <reporter-output>
          </reporter-output>
        </test-method> <!-- selectAddressHomePageTest -->
        <test-method is-config="true" signature="tearDown()[pri:0, instance:tests.HomePageTesting@362045c0]" started-at="2023-04-24T02:08:25 EDT" name="tearDown" finished-at="2023-04-24T02:08:25 EDT" duration-ms="273" status="PASS">
          <reporter-output>
          </reporter-output>
        </test-method> <!-- tearDown -->
      </class> <!-- tests.HomePageTesting -->
      <class name="tests.LoginLogOutTesting">
        <test-method is-config="true" signature="setUp()[pri:0, instance:tests.LoginLogOutTesting@2dca0d64]" started-at="2023-04-24T02:07:11 EDT" name="setUp" finished-at="2023-04-24T02:07:17 EDT" duration-ms="5828" status="PASS">
          <reporter-output>
          </reporter-output>
        </test-method> <!-- setUp -->
        <test-method signature="loginPageTitleTest()[pri:1, instance:tests.LoginLogOutTesting@2dca0d64]" started-at="2023-04-24T02:07:17 EDT" name="loginPageTitleTest" finished-at="2023-04-24T02:07:18 EDT" duration-ms="992" status="PASS">
          <reporter-output>
          </reporter-output>
        </test-method> <!-- loginPageTitleTest -->
        <test-method is-config="true" signature="tearDown()[pri:0, instance:tests.LoginLogOutTesting@2dca0d64]" started-at="2023-04-24T02:07:18 EDT" name="tearDown" finished-at="2023-04-24T02:07:18 EDT" duration-ms="184" status="PASS">
          <reporter-output>
          </reporter-output>
        </test-method> <!-- tearDown -->
        <test-method is-config="true" signature="setUp()[pri:0, instance:tests.LoginLogOutTesting@2dca0d64]" started-at="2023-04-24T02:07:18 EDT" name="setUp" finished-at="2023-04-24T02:07:22 EDT" duration-ms="3537" status="PASS">
          <reporter-output>
          </reporter-output>
        </test-method> <!-- setUp -->
        <test-method signature="logoDisplayedTest()[pri:2, instance:tests.LoginLogOutTesting@2dca0d64]" started-at="2023-04-24T02:07:22 EDT" name="logoDisplayedTest" finished-at="2023-04-24T02:07:23 EDT" duration-ms="971" status="PASS">
          <reporter-output>
          </reporter-output>
        </test-method> <!-- logoDisplayedTest -->
        <test-method is-config="true" signature="tearDown()[pri:0, instance:tests.LoginLogOutTesting@2dca0d64]" started-at="2023-04-24T02:07:23 EDT" name="tearDown" finished-at="2023-04-24T02:07:23 EDT" duration-ms="164" status="PASS">
          <reporter-output>
          </reporter-output>
        </test-method> <!-- tearDown -->
        <test-method is-config="true" signature="setUp()[pri:0, instance:tests.LoginLogOutTesting@2dca0d64]" started-at="2023-04-24T02:07:23 EDT" name="setUp" finished-at="2023-04-24T02:07:26 EDT" duration-ms="3562" status="PASS">
          <reporter-output>
          </reporter-output>
        </test-method> <!-- setUp -->
        <test-method signature="sucessfulLoginTest()[pri:3, instance:tests.LoginLogOutTesting@2dca0d64]" started-at="2023-04-24T02:07:26 EDT" name="sucessfulLoginTest" finished-at="2023-04-24T02:07:32 EDT" duration-ms="5413" status="PASS">
          <reporter-output>
          </reporter-output>
        </test-method> <!-- sucessfulLoginTest -->
        <test-method is-config="true" signature="tearDown()[pri:0, instance:tests.LoginLogOutTesting@2dca0d64]" started-at="2023-04-24T02:07:32 EDT" name="tearDown" finished-at="2023-04-24T02:07:32 EDT" duration-ms="353" status="PASS">
          <reporter-output>
          </reporter-output>
        </test-method> <!-- tearDown -->
        <test-method is-config="true" signature="setUp()[pri:0, instance:tests.LoginLogOutTesting@2dca0d64]" started-at="2023-04-24T02:07:32 EDT" name="setUp" finished-at="2023-04-24T02:07:36 EDT" duration-ms="3707" status="PASS">
          <reporter-output>
          </reporter-output>
        </test-method> <!-- setUp -->
        <test-method signature="LogOutTest()[pri:4, instance:tests.LoginLogOutTesting@2dca0d64]" started-at="2023-04-24T02:07:36 EDT" name="LogOutTest" finished-at="2023-04-24T02:07:43 EDT" duration-ms="7263" status="PASS">
          <reporter-output>
          </reporter-output>
        </test-method> <!-- LogOutTest -->
        <test-method is-config="true" signature="tearDown()[pri:0, instance:tests.LoginLogOutTesting@2dca0d64]" started-at="2023-04-24T02:07:43 EDT" name="tearDown" finished-at="2023-04-24T02:07:43 EDT" duration-ms="214" status="PASS">
          <reporter-output>
          </reporter-output>
        </test-method> <!-- tearDown -->
      </class> <!-- tests.LoginLogOutTesting -->
    </test> <!-- Test -->
  </suite> <!-- Suite -->
</testng-results>
